# JRE version: OpenJDK Runtime Environment Temurin-21.0.10+7 (21.0.10+7) (build 21.0.10+7-LTS)
# Java VM: OpenJDK 64-Bit Server VM Temurin-21.0.10+7 (21.0.10+7-LTS, mixed mode, sharing, tiered, compressed oops, compressed class ptrs, parallel gc, windows-amd64)
GC Precious Log:
 CardTable entry size: 512
 CPUs: 8 total, 8 available
 Memory: 32506M
 Large Page Support: Disabled
 NUMA Support: Disabled
 Compressed Oops: Enabled (32-bit)
 Alignments: Space 512K, Generation 512K, Heap 2M
 Heap Min Capacity: 100M
 Heap Initial Capacity: 100M
 Heap Max Capacity: 2G
 Pre-touch: Disabled
 Parallel Workers: 8
Heap:
 PSYoungGen      total 50688K, used 49440K [0x00000000d5580000, 0x00000000d9080000, 0x0000000100000000)
  eden space 46080K, 100% used [0x00000000d5580000,0x00000000d8280000,0x00000000d8280000)
  from space 4608K, 72% used [0x00000000d8280000,0x00000000d85c80e0,0x00000000d8700000)
  to   space 3584K, 42% used [0x00000000d8d00000,0x00000000d8e80040,0x00000000d9080000)
 ParOldGen       total 748032K, used 748024K [0x0000000080000000, 0x00000000ada80000, 0x00000000d5580000)
  object space 748032K, 99% used [0x0000000080000000,0x00000000ada7e310,0x00000000ada80000)
 Metaspace       used 114263K, committed 116288K, reserved 1179648K
  class space    used 11107K, committed 12096K, reserved 1048576K
GC Heap History (20 events):
Event: 39169.145 GC heap after
{Heap after GC invocations=66818 (full 126):
 PSYoungGen      total 30720K, used 1683K [0x00000000d5580000, 0x00000000d7780000, 0x0000000100000000)
  eden space 26624K, 0% used [0x00000000d5580000,0x00000000d5580000,0x00000000d6f80000)
  from space 4096K, 41% used [0x00000000d7200000,0x00000000d73a4d08,0x00000000d7600000)
  to   space 2560K, 0% used [0x00000000d6f80000,0x00000000d6f80000,0x00000000d7200000)
 ParOldGen       total 721920K, used 721535K [0x0000000080000000, 0x00000000ac100000, 0x00000000d5580000)
  object space 721920K, 99% used [0x0000000080000000,0x00000000ac09fe80,0x00000000ac100000)
 Metaspace       used 114224K, committed 116288K, reserved 1179648K
  class space    used 11098K, committed 12096K, reserved 1048576K
}
Event: 39169.156 GC heap before
{Heap before GC invocations=66819 (full 126):
 PSYoungGen      total 30720K, used 28307K [0x00000000d5580000, 0x00000000d7780000, 0x0000000100000000)
  eden space 26624K, 100% used [0x00000000d5580000,0x00000000d6f80000,0x00000000d6f80000)
  from space 4096K, 41% used [0x00000000d7200000,0x00000000d73a4d08,0x00000000d7600000)
  to   space 2560K, 0% used [0x00000000d6f80000,0x00000000d6f80000,0x00000000d7200000)
 ParOldGen       total 721920K, used 721535K [0x0000000080000000, 0x00000000ac100000, 0x00000000d5580000)
  object space 721920K, 99% used [0x0000000080000000,0x00000000ac09fe80,0x00000000ac100000)
 Metaspace       used 114224K, committed 116288K, reserved 1179648K
  class space    used 11098K, committed 12096K, reserved 1048576K
}
Event: 39169.160 GC heap after
{Heap after GC invocations=66819 (full 126):
 PSYoungGen      total 29184K, used 2274K [0x00000000d5580000, 0x00000000d7a00000, 0x0000000100000000)
  eden space 26624K, 0% used [0x00000000d5580000,0x00000000d5580000,0x00000000d6f80000)
  from space 2560K, 88% used [0x00000000d6f80000,0x00000000d71b8b10,0x00000000d7200000)
  to   space 2560K, 0% used [0x00000000d7780000,0x00000000d7780000,0x00000000d7a00000)
 ParOldGen       total 724480K, used 724452K [0x0000000080000000, 0x00000000ac380000, 0x00000000d5580000)
  object space 724480K, 99% used [0x0000000080000000,0x00000000ac3791c8,0x00000000ac380000)
 Metaspace       used 114224K, committed 116288K, reserved 1179648K
  class space    used 11098K, committed 12096K, reserved 1048576K
}
Event: 39169.170 GC heap before
{Heap before GC invocations=66820 (full 126):
 PSYoungGen      total 29184K, used 28898K [0x00000000d5580000, 0x00000000d7a00000, 0x0000000100000000)
  eden space 26624K, 100% used [0x00000000d5580000,0x00000000d6f80000,0x00000000d6f80000)
  from space 2560K, 88% used [0x00000000d6f80000,0x00000000d71b8b10,0x00000000d7200000)
  to   space 2560K, 0% used [0x00000000d7780000,0x00000000d7780000,0x00000000d7a00000)
 ParOldGen       total 724480K, used 724452K [0x0000000080000000, 0x00000000ac380000, 0x00000000d5580000)
  object space 724480K, 99% used [0x0000000080000000,0x00000000ac3791c8,0x00000000ac380000)
 Metaspace       used 114224K, committed 116288K, reserved 1179648K
  class space    used 11098K, committed 12096K, reserved 1048576K
}
Event: 39169.174 GC heap after
{Heap after GC invocations=66820 (full 126):
 PSYoungGen      total 30208K, used 2529K [0x00000000d5580000, 0x00000000d8300000, 0x0000000100000000)
  eden space 27648K, 0% used [0x00000000d5580000,0x00000000d5580000,0x00000000d7080000)
  from space 2560K, 98% used [0x00000000d7780000,0x00000000d79f8608,0x00000000d7a00000)
  to   space 7168K, 0% used [0x00000000d7080000,0x00000000d7080000,0x00000000d7780000)
 ParOldGen       total 728576K, used 728100K [0x0000000080000000, 0x00000000ac780000, 0x00000000d5580000)
  object space 728576K, 99% used [0x0000000080000000,0x00000000ac709240,0x00000000ac780000)
 Metaspace       used 114224K, committed 116288K, reserved 1179648K
  class space    used 11098K, committed 12096K, reserved 1048576K
}
Event: 39169.182 GC heap before
{Heap before GC invocations=66821 (full 126):
 PSYoungGen      total 30208K, used 29169K [0x00000000d5580000, 0x00000000d8300000, 0x0000000100000000)
  eden space 27648K, 96% used [0x00000000d5580000,0x00000000d6f83f20,0x00000000d7080000)
  from space 2560K, 98% used [0x00000000d7780000,0x00000000d79f8608,0x00000000d7a00000)
  to   space 7168K, 0% used [0x00000000d7080000,0x00000000d7080000,0x00000000d7780000)
 ParOldGen       total 728576K, used 728100K [0x0000000080000000, 0x00000000ac780000, 0x00000000d5580000)
  object space 728576K, 99% used [0x0000000080000000,0x00000000ac709240,0x00000000ac780000)
 Metaspace       used 114224K, committed 116288K, reserved 1179648K
  class space    used 11098K, committed 12096K, reserved 1048576K
}
Event: 39170.191 GC heap after
{Heap after GC invocations=66821 (full 126):
 PSYoungGen      total 34816K, used 1760K [0x00000000d5580000, 0x00000000d7d00000, 0x0000000100000000)
  eden space 27648K, 0% used [0x00000000d5580000,0x00000000d5580000,0x00000000d7080000)
  from space 7168K, 24% used [0x00000000d7080000,0x00000000d7238080,0x00000000d7780000)
  to   space 3584K, 0% used [0x00000000d7980000,0x00000000d7980000,0x00000000d7d00000)
 ParOldGen       total 730112K, used 730023K [0x0000000080000000, 0x00000000ac900000, 0x00000000d5580000)
  object space 730112K, 99% used [0x0000000080000000,0x00000000ac8e9d50,0x00000000ac900000)
 Metaspace       used 114224K, committed 116288K, reserved 1179648K
  class space    used 11098K, committed 12096K, reserved 1048576K
}
Event: 39170.198 GC heap before
{Heap before GC invocations=66822 (full 126):
 PSYoungGen      total 34816K, used 29408K [0x00000000d5580000, 0x00000000d7d00000, 0x0000000100000000)
  eden space 27648K, 100% used [0x00000000d5580000,0x00000000d7080000,0x00000000d7080000)
  from space 7168K, 24% used [0x00000000d7080000,0x00000000d7238080,0x00000000d7780000)
  to   space 3584K, 0% used [0x00000000d7980000,0x00000000d7980000,0x00000000d7d00000)
 ParOldGen       total 730112K, used 730023K [0x0000000080000000, 0x00000000ac900000, 0x00000000d5580000)
  object space 730112K, 99% used [0x0000000080000000,0x00000000ac8e9d50,0x00000000ac900000)
 Metaspace       used 114224K, committed 116288K, reserved 1179648K
  class space    used 11098K, committed 12096K, reserved 1048576K
}
Event: 39170.201 GC heap after
{Heap after GC invocations=66822 (full 126):
 PSYoungGen      total 33792K, used 3553K [0x00000000d5580000, 0x00000000d8300000, 0x0000000100000000)
  eden space 30208K, 0% used [0x00000000d5580000,0x00000000d5580000,0x00000000d7300000)
  from space 3584K, 99% used [0x00000000d7980000,0x00000000d7cf8768,0x00000000d7d00000)
  to   space 6656K, 0% used [0x00000000d7300000,0x00000000d7300000,0x00000000d7980000)
 ParOldGen       total 732672K, used 732317K [0x0000000080000000, 0x00000000acb80000, 0x00000000d5580000)
  object space 732672K, 99% used [0x0000000080000000,0x00000000acb276f8,0x00000000acb80000)
 Metaspace       used 114224K, committed 116288K, reserved 1179648K
  class space    used 11098K, committed 12096K, reserved 1048576K
}
Event: 39170.212 GC heap before
{Heap before GC invocations=66823 (full 126):
 PSYoungGen      total 33792K, used 33732K [0x00000000d5580000, 0x00000000d8300000, 0x0000000100000000)
  eden space 30208K, 99% used [0x00000000d5580000,0x00000000d72f89f0,0x00000000d7300000)
  from space 3584K, 99% used [0x00000000d7980000,0x00000000d7cf8768,0x00000000d7d00000)
  to   space 6656K, 0% used [0x00000000d7300000,0x00000000d7300000,0x00000000d7980000)
 ParOldGen       total 732672K, used 732317K [0x0000000080000000, 0x00000000acb80000, 0x00000000d5580000)
  object space 732672K, 99% used [0x0000000080000000,0x00000000acb276f8,0x00000000acb80000)
 Metaspace       used 114229K, committed 116288K, reserved 1179648K
  class space    used 11100K, committed 12096K, reserved 1048576K
}
Event: 39170.215 GC heap after
{Heap after GC invocations=66823 (full 126):
 PSYoungGen      total 36864K, used 3504K [0x00000000d5580000, 0x00000000d8200000, 0x0000000100000000)
  eden space 30208K, 0% used [0x00000000d5580000,0x00000000d5580000,0x00000000d7300000)
  from space 6656K, 52% used [0x00000000d7300000,0x00000000d766c030,0x00000000d7980000)
  to   space 4608K, 0% used [0x00000000d7d80000,0x00000000d7d80000,0x00000000d8200000)
 ParOldGen       total 734720K, used 734249K [0x0000000080000000, 0x00000000acd80000, 0x00000000d5580000)
  object space 734720K, 99% used [0x0000000080000000,0x00000000acd0a608,0x00000000acd80000)
 Metaspace       used 114229K, committed 116288K, reserved 1179648K
  class space    used 11100K, committed 12096K, reserved 1048576K
}
Event: 39170.229 GC heap before
{Heap before GC invocations=66824 (full 126):
 PSYoungGen      total 36864K, used 33712K [0x00000000d5580000, 0x00000000d8200000, 0x0000000100000000)
  eden space 30208K, 100% used [0x00000000d5580000,0x00000000d7300000,0x00000000d7300000)
  from space 6656K, 52% used [0x00000000d7300000,0x00000000d766c030,0x00000000d7980000)
  to   space 4608K, 0% used [0x00000000d7d80000,0x00000000d7d80000,0x00000000d8200000)
 ParOldGen       total 734720K, used 734249K [0x0000000080000000, 0x00000000acd80000, 0x00000000d5580000)
  object space 734720K, 99% used [0x0000000080000000,0x00000000acd0a608,0x00000000acd80000)
 Metaspace       used 114262K, committed 116288K, reserved 1179648K
  class space    used 11107K, committed 12096K, reserved 1048576K
}
Event: 39170.233 GC heap after
{Heap after GC invocations=66824 (full 126):
 PSYoungGen      total 39936K, used 3492K [0x00000000d5580000, 0x00000000d8100000, 0x0000000100000000)
  eden space 36352K, 0% used [0x00000000d5580000,0x00000000d5580000,0x00000000d7900000)
  from space 3584K, 97% used [0x00000000d7d80000,0x00000000d80e9270,0x00000000d8100000)
  to   space 4096K, 0% used [0x00000000d7900000,0x00000000d7900000,0x00000000d7d00000)
 ParOldGen       total 737792K, used 737482K [0x0000000080000000, 0x00000000ad080000, 0x00000000d5580000)
  object space 737792K, 99% used [0x0000000080000000,0x00000000ad032bc0,0x00000000ad080000)
 Metaspace       used 114262K, committed 116288K, reserved 1179648K
  class space    used 11107K, committed 12096K, reserved 1048576K
}
Event: 39170.250 GC heap before
{Heap before GC invocations=66825 (full 126):
 PSYoungGen      total 39936K, used 39844K [0x00000000d5580000, 0x00000000d8100000, 0x0000000100000000)
  eden space 36352K, 100% used [0x00000000d5580000,0x00000000d7900000,0x00000000d7900000)
  from space 3584K, 97% used [0x00000000d7d80000,0x00000000d80e9270,0x00000000d8100000)
  to   space 4096K, 0% used [0x00000000d7900000,0x00000000d7900000,0x00000000d7d00000)
 ParOldGen       total 737792K, used 737482K [0x0000000080000000, 0x00000000ad080000, 0x00000000d5580000)
  object space 737792K, 99% used [0x0000000080000000,0x00000000ad032bc0,0x00000000ad080000)
 Metaspace       used 114263K, committed 116288K, reserved 1179648K
  class space    used 11107K, committed 12096K, reserved 1048576K
}
Event: 39170.256 GC heap after
{Heap after GC invocations=66825 (full 126):
 PSYoungGen      total 40448K, used 4064K [0x00000000d5580000, 0x00000000d9080000, 0x0000000100000000)
  eden space 36352K, 0% used [0x00000000d5580000,0x00000000d5580000,0x00000000d7900000)
  from space 4096K, 99% used [0x00000000d7900000,0x00000000d7cf8288,0x00000000d7d00000)
  to   space 8192K, 0% used [0x00000000d8880000,0x00000000d8880000,0x00000000d9080000)
 ParOldGen       total 740864K, used 740767K [0x0000000080000000, 0x00000000ad380000, 0x00000000d5580000)
  object space 740864K, 99% used [0x0000000080000000,0x00000000ad367ee0,0x00000000ad380000)
 Metaspace       used 114263K, committed 116288K, reserved 1179648K
  class space    used 11107K, committed 12096K, reserved 1048576K
}
Event: 39170.268 GC heap before
{Heap before GC invocations=66826 (full 126):
 PSYoungGen      total 40448K, used 40416K [0x00000000d5580000, 0x00000000d9080000, 0x0000000100000000)
  eden space 36352K, 100% used [0x00000000d5580000,0x00000000d7900000,0x00000000d7900000)
  from space 4096K, 99% used [0x00000000d7900000,0x00000000d7cf8288,0x00000000d7d00000)
  to   space 8192K, 0% used [0x00000000d8880000,0x00000000d8880000,0x00000000d9080000)
 ParOldGen       total 740864K, used 740767K [0x0000000080000000, 0x00000000ad380000, 0x00000000d5580000)
  object space 740864K, 99% used [0x0000000080000000,0x00000000ad367ee0,0x00000000ad380000)
 Metaspace       used 114263K, committed 116288K, reserved 1179648K
  class space    used 11107K, committed 12096K, reserved 1048576K
}
Event: 39170.274 GC heap after
{Heap after GC invocations=66826 (full 126):
 PSYoungGen      total 47104K, used 2816K [0x00000000d5580000, 0x00000000d8b80000, 0x0000000100000000)
  eden space 44032K, 0% used [0x00000000d5580000,0x00000000d5580000,0x00000000d8080000)
  from space 3072K, 91% used [0x00000000d8880000,0x00000000d8b400a0,0x00000000d8b80000)
  to   space 4608K, 0% used [0x00000000d8280000,0x00000000d8280000,0x00000000d8700000)
 ParOldGen       total 744960K, used 744633K [0x0000000080000000, 0x00000000ad780000, 0x00000000d5580000)
  object space 744960K, 99% used [0x0000000080000000,0x00000000ad72e6c0,0x00000000ad780000)
 Metaspace       used 114263K, committed 116288K, reserved 1179648K
  class space    used 11107K, committed 12096K, reserved 1048576K
}
Event: 39170.297 GC heap before
{Heap before GC invocations=66827 (full 126):
 PSYoungGen      total 47104K, used 46848K [0x00000000d5580000, 0x00000000d8b80000, 0x0000000100000000)
  eden space 44032K, 100% used [0x00000000d5580000,0x00000000d8080000,0x00000000d8080000)
  from space 3072K, 91% used [0x00000000d8880000,0x00000000d8b400a0,0x00000000d8b80000)
  to   space 4608K, 0% used [0x00000000d8280000,0x00000000d8280000,0x00000000d8700000)
 ParOldGen       total 744960K, used 744633K [0x0000000080000000, 0x00000000ad780000, 0x00000000d5580000)
  object space 744960K, 99% used [0x0000000080000000,0x00000000ad72e6c0,0x00000000ad780000)
 Metaspace       used 114263K, committed 116288K, reserved 1179648K
  class space    used 11107K, committed 12096K, reserved 1048576K
}
Event: 39170.302 GC heap after
{Heap after GC invocations=66827 (full 126):
 PSYoungGen      total 50688K, used 3360K [0x00000000d5580000, 0x00000000d9080000, 0x0000000100000000)
  eden space 46080K, 0% used [0x00000000d5580000,0x00000000d5580000,0x00000000d8280000)
  from space 4608K, 72% used [0x00000000d8280000,0x00000000d85c80e0,0x00000000d8700000)
  to   space 3584K, 0% used [0x00000000d8d00000,0x00000000d8d00000,0x00000000d9080000)
 ParOldGen       total 747520K, used 747193K [0x0000000080000000, 0x00000000ada00000, 0x00000000d5580000)
  object space 747520K, 99% used [0x0000000080000000,0x00000000ad9ae560,0x00000000ada00000)
 Metaspace       used 114263K, committed 116288K, reserved 1179648K
  class space    used 11107K, committed 12096K, reserved 1048576K
}
Event: 39170.322 GC heap before
{Heap before GC invocations=66828 (full 126):
 PSYoungGen      total 50688K, used 49440K [0x00000000d5580000, 0x00000000d9080000, 0x0000000100000000)
  eden space 46080K, 100% used [0x00000000d5580000,0x00000000d8280000,0x00000000d8280000)
  from space 4608K, 72% used [0x00000000d8280000,0x00000000d85c80e0,0x00000000d8700000)
  to   space 3584K, 0% used [0x00000000d8d00000,0x00000000d8d00000,0x00000000d9080000)
 ParOldGen       total 747520K, used 747193K [0x0000000080000000, 0x00000000ada00000, 0x00000000d5580000)
  object space 747520K, 99% used [0x0000000080000000,0x00000000ad9ae560,0x00000000ada00000)
 Metaspace       used 114263K, committed 116288K, reserved 1179648K
  class space    used 11107K, committed 12096K, reserved 1048576K
}

