# JRE version: Java(TM) SE Runtime Environment (24.0.2+12) (build 24.0.2+12-54)
# Java VM: Java HotSpot(TM) 64-Bit Server VM (24.0.2+12-54, mixed mode, sharing, tiered, compressed oops, compressed class ptrs, g1 gc, windows-amd64)
GC Precious Log:
 CardTable entry size: 512
 Card Set container configuration: InlinePtr #cards 5 size 8 Array Of Cards #cards 10 size 36 Howl #buckets 4 coarsen threshold 1843 Howl Bitmap #cards 512 size 80 coarsen threshold 460 Card regions per heap region 1 cards per card region 2048
 CPUs: 8 total, 8 available
 Memory: 32506M
 Large Page Support: Disabled
 NUMA Support: Disabled
 Compressed Oops: Enabled (32-bit)
 Heap Region Size: 1M
 Heap Min Capacity: 64M
 Heap Initial Capacity: 64M
 Heap Max Capacity: 128M
 Pre-touch: Disabled
 Parallel Workers: 8
 Concurrent Workers: 2
 Concurrent Refinement Workers: 8
 Periodic GC: Disabled
Heap:
 garbage-first heap   total reserved 131072K, committed 123904K, used 76170K [0x00000000f8000000, 0x0000000100000000)
  region size 1024K, 13 young (13312K), 4 survivors (4096K)
 Metaspace       used 40087K, committed 40704K, reserved 1114112K
  class space    used 3937K, committed 4224K, reserved 1048576K
GC Heap History (20 events):
Event: 13.894 GC heap before
{Heap before GC invocations=49 (full 0):
 garbage-first heap   total reserved 131072K, committed 119808K, used 109886K [0x00000000f8000000, 0x0000000100000000)
  region size 1024K, 41 young (41984K), 2 survivors (2048K)
 Metaspace       used 37962K, committed 38592K, reserved 1114112K
  class space    used 3697K, committed 3968K, reserved 1048576K
}
Event: 13.898 GC heap after
{Heap after GC invocations=50 (full 0):
 garbage-first heap   total reserved 131072K, committed 119808K, used 69604K [0x00000000f8000000, 0x0000000100000000)
  region size 1024K, 1 young (1024K), 1 survivors (1024K)
 Metaspace       used 37962K, committed 38592K, reserved 1114112K
  class space    used 3697K, committed 3968K, reserved 1048576K
}
Event: 14.194 GC heap before
{Heap before GC invocations=50 (full 0):
 garbage-first heap   total reserved 131072K, committed 119808K, used 110564K [0x00000000f8000000, 0x0000000100000000)
  region size 1024K, 41 young (41984K), 1 survivors (1024K)
 Metaspace       used 37971K, committed 38592K, reserved 1114112K
  class space    used 3697K, committed 3968K, reserved 1048576K
}
Event: 14.214 GC heap after
{Heap after GC invocations=51 (full 0):
 garbage-first heap   total reserved 131072K, committed 119808K, used 70518K [0x00000000f8000000, 0x0000000100000000)
  region size 1024K, 4 young (4096K), 4 survivors (4096K)
 Metaspace       used 37971K, committed 38592K, reserved 1114112K
  class space    used 3697K, committed 3968K, reserved 1048576K
}
Event: 14.529 GC heap before
{Heap before GC invocations=51 (full 0):
 garbage-first heap   total reserved 131072K, committed 119808K, used 107382K [0x00000000f8000000, 0x0000000100000000)
  region size 1024K, 40 young (40960K), 4 survivors (4096K)
 Metaspace       used 37972K, committed 38592K, reserved 1114112K
  class space    used 3697K, committed 3968K, reserved 1048576K
}
Event: 14.544 GC heap after
{Heap after GC invocations=52 (full 0):
 garbage-first heap   total reserved 131072K, committed 119808K, used 71819K [0x00000000f8000000, 0x0000000100000000)
  region size 1024K, 5 young (5120K), 5 survivors (5120K)
 Metaspace       used 37972K, committed 38592K, reserved 1114112K
  class space    used 3697K, committed 3968K, reserved 1048576K
}
Event: 14.875 GC heap before
{Heap before GC invocations=53 (full 0):
 garbage-first heap   total reserved 131072K, committed 121856K, used 106635K [0x00000000f8000000, 0x0000000100000000)
  region size 1024K, 39 young (39936K), 5 survivors (5120K)
 Metaspace       used 37983K, committed 38592K, reserved 1114112K
  class space    used 3697K, committed 3968K, reserved 1048576K
}
Event: 14.883 GC heap after
{Heap after GC invocations=54 (full 0):
 garbage-first heap   total reserved 131072K, committed 121856K, used 69968K [0x00000000f8000000, 0x0000000100000000)
  region size 1024K, 3 young (3072K), 3 survivors (3072K)
 Metaspace       used 37983K, committed 38592K, reserved 1114112K
  class space    used 3697K, committed 3968K, reserved 1048576K
}
Event: 14.955 GC heap before
{Heap before GC invocations=54 (full 0):
 garbage-first heap   total reserved 131072K, committed 121856K, used 110928K [0x00000000f8000000, 0x0000000100000000)
  region size 1024K, 43 young (44032K), 3 survivors (3072K)
 Metaspace       used 37986K, committed 38592K, reserved 1114112K
  class space    used 3697K, committed 3968K, reserved 1048576K
}
Event: 14.965 GC heap after
{Heap after GC invocations=55 (full 0):
 garbage-first heap   total reserved 131072K, committed 121856K, used 68910K [0x00000000f8000000, 0x0000000100000000)
  region size 1024K, 4 young (4096K), 4 survivors (4096K)
 Metaspace       used 37986K, committed 38592K, reserved 1114112K
  class space    used 3697K, committed 3968K, reserved 1048576K
}
Event: 15.040 GC heap before
{Heap before GC invocations=55 (full 0):
 garbage-first heap   total reserved 131072K, committed 121856K, used 109870K [0x00000000f8000000, 0x0000000100000000)
  region size 1024K, 44 young (45056K), 4 survivors (4096K)
 Metaspace       used 37994K, committed 38592K, reserved 1114112K
  class space    used 3697K, committed 3968K, reserved 1048576K
}
Event: 15.048 GC heap after
{Heap after GC invocations=56 (full 0):
 garbage-first heap   total reserved 131072K, committed 121856K, used 67259K [0x00000000f8000000, 0x0000000100000000)
  region size 1024K, 3 young (3072K), 3 survivors (3072K)
 Metaspace       used 37994K, committed 38592K, reserved 1114112K
  class space    used 3697K, committed 3968K, reserved 1048576K
}
Event: 15.148 GC heap before
{Heap before GC invocations=57 (full 0):
 garbage-first heap   total reserved 131072K, committed 121856K, used 110267K [0x00000000f8000000, 0x0000000100000000)
  region size 1024K, 45 young (46080K), 3 survivors (3072K)
 Metaspace       used 37998K, committed 38592K, reserved 1114112K
  class space    used 3697K, committed 3968K, reserved 1048576K
}
Event: 15.158 GC heap after
{Heap after GC invocations=58 (full 0):
 garbage-first heap   total reserved 131072K, committed 121856K, used 68962K [0x00000000f8000000, 0x0000000100000000)
  region size 1024K, 4 young (4096K), 4 survivors (4096K)
 Metaspace       used 37998K, committed 38592K, reserved 1114112K
  class space    used 3697K, committed 3968K, reserved 1048576K
}
Event: 15.217 GC heap before
{Heap before GC invocations=58 (full 0):
 garbage-first heap   total reserved 131072K, committed 121856K, used 109922K [0x00000000f8000000, 0x0000000100000000)
  region size 1024K, 44 young (45056K), 4 survivors (4096K)
 Metaspace       used 38004K, committed 38592K, reserved 1114112K
  class space    used 3697K, committed 3968K, reserved 1048576K
}
Event: 15.227 GC heap after
{Heap after GC invocations=59 (full 0):
 garbage-first heap   total reserved 131072K, committed 121856K, used 66186K [0x00000000f8000000, 0x0000000100000000)
  region size 1024K, 3 young (3072K), 3 survivors (3072K)
 Metaspace       used 38004K, committed 38592K, reserved 1114112K
  class space    used 3697K, committed 3968K, reserved 1048576K
}
Event: 15.298 GC heap before
{Heap before GC invocations=59 (full 0):
 garbage-first heap   total reserved 131072K, committed 121856K, used 110218K [0x00000000f8000000, 0x0000000100000000)
  region size 1024K, 46 young (47104K), 3 survivors (3072K)
 Metaspace       used 38006K, committed 38592K, reserved 1114112K
  class space    used 3697K, committed 3968K, reserved 1048576K
}
Event: 15.306 GC heap after
{Heap after GC invocations=60 (full 0):
 garbage-first heap   total reserved 131072K, committed 123904K, used 66754K [0x00000000f8000000, 0x0000000100000000)
  region size 1024K, 4 young (4096K), 4 survivors (4096K)
 Metaspace       used 38006K, committed 38592K, reserved 1114112K
  class space    used 3697K, committed 3968K, reserved 1048576K
}
Event: 17.566 GC heap before
{Heap before GC invocations=61 (full 0):
 garbage-first heap   total reserved 131072K, committed 123904K, used 111810K [0x00000000f8000000, 0x0000000100000000)
  region size 1024K, 48 young (49152K), 4 survivors (4096K)
 Metaspace       used 39955K, committed 40576K, reserved 1114112K
  class space    used 3915K, committed 4160K, reserved 1048576K
}
Event: 17.582 GC heap after
{Heap after GC invocations=62 (full 0):
 garbage-first heap   total reserved 131072K, committed 123904K, used 67978K [0x00000000f8000000, 0x0000000100000000)
  region size 1024K, 4 young (4096K), 4 survivors (4096K)
 Metaspace       used 39955K, committed 40576K, reserved 1114112K
  class space    used 3915K, committed 4160K, reserved 1048576K
}

